<?xml version="1.0" encoding="UTF-8"?>
<!-- Generated by org.testng.reporters.JUnitReportReporter -->
<testsuite skipped="0" hostname="EN62451" name="com.endava.test.FactorialTest" tests="1" failures="0" timestamp="03 Aug 2017 13:43:13 GMT" time="0.000" errors="0">
  <testcase name="factorialIT" time="0.000" classname="com.endava.test.FactorialTest"/>
</testsuite> <!-- com.endava.test.FactorialTest -->
