<?xml version="1.0" encoding="UTF-8"?>
<!-- Generated by org.testng.reporters.JUnitReportReporter -->
<testsuite skipped="0" hostname="EN62451" name="com.endava.test.AddTest" tests="2" failures="0" timestamp="03 Aug 2017 13:43:13 GMT" time="0.016" errors="0">
  <testcase name="addDoubleIT" time="0.016" classname="com.endava.test.AddTest"/>
  <testcase name="addIntIT" time="0.000" classname="com.endava.test.AddTest"/>
</testsuite> <!-- com.endava.test.AddTest -->
